epoch,accuracy,loss,val_accuracy,val_loss
0,0.00924,4.609904192199707,0.01209999993443489,4.6060031814575195
1,0.00884,4.605745189208984,0.01119999960064888,4.6058541191101074
2,0.00884,4.605988607025147,0.010099999606609344,4.615693988037109
3,0.00894,4.60600915222168,0.009999999776482582,4.611957328796387
4,0.00872,4.605755396575928,0.00989999994635582,4.721640386962891
5,0.00866,4.605851102600098,0.009999999776482582,4.605174257659912
6,0.00836,4.608617320251465,0.009999999776482582,4.605173760986328
7,0.00864,4.605610881652832,0.009999999776482582,4.605174529266358
8,0.00802,4.605583281097412,0.009999999776482582,4.605174452972412
9,0.00904,4.605580040588379,0.009999999776482582,4.605174131774902
10,0.00894,4.605688210601807,0.010099999606609344,4.613426960754395
11,0.00882,4.605708482971192,0.009999999776482582,4.60517474899292
12,0.0079,4.605616366729737,0.009999999776482582,4.6051749298095705
13,0.0084,4.608853081512451,0.009999999776482582,4.605175479125976
14,0.0083,4.605558994903564,0.009999999776482582,4.605174304199219
15,0.0096,4.605575795288086,0.009999999776482582,4.60517438583374
16,0.00788,4.605546092071533,0.009999999776482582,4.605172659301758
17,0.00854,4.6061939894104,0.009999999776482582,4.605173114776611
18,0.00908,4.605649286651611,0.009999999776482582,4.605173741149902
19,0.00886,4.605579253387451,0.009999999776482582,4.605174697875976
20,0.00896,4.605562483673095,0.009999999776482582,4.60517484588623
21,0.00868,4.606013392028808,0.009999999776482582,4.605175546264649
22,0.00878,4.6055921163940425,0.009999999776482582,4.605174119567871
23,0.0089,4.605549642486572,0.009999999776482582,4.605174035644532
24,0.00858,4.605566955871582,0.009999999776482582,4.605174861145019
25,0.00854,4.605558870544433,0.009999999776482582,4.605174500274658
26,0.00858,4.605570409240722,0.009999999776482582,4.605175483703613
27,0.00838,4.605566523590088,0.009999999776482582,4.605174156188965
28,0.00898,4.6055724964904785,0.009999999776482582,4.605171213531494
29,0.00876,4.605652778015137,0.009999999776482582,4.605173700714111
30,0.00966,4.605561240234375,0.009999999776482582,4.605173755645752
31,0.00892,4.605572857513428,0.009999999776482582,4.605174732971191
32,0.0087,4.605552666320801,0.009999999776482582,4.60517473526001
33,0.00896,4.605551897277832,0.009999999776482582,4.605174273681641
34,0.0086,4.605587728881836,0.009999999776482582,4.605174790191651
35,0.00908,4.605747885437012,0.009999999776482582,4.605174283599854
36,0.00874,4.60558643951416,0.009999999776482582,4.605175602722168
37,0.00866,4.6055655235290525,0.009999999776482582,4.6051740646362305
38,0.00882,4.605587513580322,0.009999999776482582,4.605174848937988
39,0.00896,4.605561115417481,0.009999999776482582,4.605174851989746
40,0.00934,4.6058420002746585,0.009999999776482582,4.605174900817871
41,0.00834,4.605673752441406,0.009999999776482582,4.60517407836914
42,0.00892,4.605557809753418,0.009999999776482582,4.605173596191406
43,0.0088,4.6056492889404295,0.009999999776482582,4.605174336242675
44,0.00892,4.605570633087158,0.009999999776482582,4.605173425292969
45,0.00914,4.605570934753418,0.009999999776482582,4.6051750625610355
46,0.00932,4.605558961639404,0.009999999776482582,4.605173976135254
47,0.00882,4.605775327758789,0.009999999776482582,4.605174884033203
48,0.00792,4.6055757849121095,0.009999999776482582,4.605173768615723
49,0.0086,4.6055556690979005,0.009999999776482582,4.6051736801147465
50,0.00886,4.605572224273682,0.009999999776482582,4.605173954772949
51,0.00922,4.605557184906006,0.009999999776482582,4.605175498199463
52,0.0085,4.6055718969726565,0.009999999776482582,4.605173728179931
53,0.00896,4.605579586486816,0.009999999776482582,4.605175090026855
54,0.00858,4.606512577819824,0.009999999776482582,4.605174729919433
55,0.0085,4.60555912109375,0.009999999776482582,4.605174452209472
56,0.0089,4.605557106628418,0.009999999776482582,4.605174257659912
57,0.00808,4.605571318359375,0.009999999776482582,4.605175051879883
58,0.00868,4.605568239440918,0.009999999776482582,4.605173971557617
59,0.00926,4.605558861083984,0.009999999776482582,4.605174193572998
60,0.0083,4.6055787991333,0.009999999776482582,4.605174721527099
61,0.00856,4.605556815032959,0.009999999776482582,4.605174472045898
62,0.00894,4.606381832580566,0.009999999776482582,4.605175091552734
63,0.0088,4.605550641784668,0.009999999776482582,4.605175466918945
64,0.00888,4.605560054779053,0.009999999776482582,4.605174919128418
65,0.00818,4.605563866882324,0.009999999776482582,4.6051746788024905
66,0.00826,4.60557657485962,0.009999999776482582,4.605174461364746
67,0.00832,4.605571003417968,0.009999999776482582,4.605174171447754
68,0.00872,4.605559922943115,0.009999999776482582,4.605174133300781
69,0.009,4.605564656066894,0.009999999776482582,4.605174141693115
70,0.0083,4.605566110534668,0.009999999776482582,4.605173487091064
71,0.00904,4.605559578094482,0.009999999776482582,4.605174234771728
72,0.00852,4.605572539978027,0.009999999776482582,4.6051739418029785
73,0.0084,4.605557105712891,0.009999999776482582,4.60517472076416
74,0.009,4.605548205871582,0.009999999776482582,4.605174305725098
75,0.00938,4.605605078125,0.009999999776482582,4.605175337219238
76,0.00902,4.605571983642578,0.009999999776482582,4.605174786376953
77,0.00888,4.605891322021485,0.009999999776482582,4.605138475036621
78,0.00824,4.61068707611084,0.009999999776482582,4.60517462310791
79,0.00896,4.605545738220215,0.009999999776482582,4.6051745544433595
80,0.00852,4.605562416229248,0.009999999776482582,4.60517490310669
81,0.00872,4.605565630493164,0.009999999776482582,4.6051755645751955
82,0.0083,4.6055704331970215,0.009999999776482582,4.605175233459472
83,0.00806,4.6055575880432125,0.009999999776482582,4.605174615478516
84,0.0091,4.605584286956787,0.009999999776482582,4.605174131011963
85,0.00862,4.605571914978027,0.009999999776482582,4.605173506164551
86,0.00912,4.605564304046631,0.009999999776482582,4.605173536682129
87,0.0083,4.6055665974426265,0.009999999776482582,4.605172973632812
88,0.00886,4.605567576599121,0.009999999776482582,4.6051733032226565
89,0.00906,4.605566019897461,0.009999999776482582,4.605174395751953
90,0.00828,4.605583851013184,0.009999999776482582,4.605174408721924
91,0.00864,4.60556337677002,0.009999999776482582,4.605173950195312
92,0.00912,4.605555284118652,0.009999999776482582,4.605173295593262
93,0.00872,4.605572158508301,0.009999999776482582,4.605174549865723
94,0.0083,4.605567140197754,0.009999999776482582,4.605173711395263
95,0.00888,4.6055720466613765,0.009999999776482582,4.60517395248413
96,0.00896,4.605579412078858,0.009999999776482582,4.605174500274658
97,0.00854,4.605549315032959,0.009999999776482582,4.60517347869873
98,0.00872,4.6055720436096195,0.009999999776482582,4.60517366104126
99,0.00876,4.605571540222168,0.009999999776482582,4.60517462387085
100,0.00876,4.605569790496826,0.009999999776482582,4.6051743118286135
101,0.00878,4.6055729992675785,0.009999999776482582,4.605176145935059
102,0.00854,4.605567956237793,0.009999999776482582,4.6051741821289065
103,0.00876,4.605562187347412,0.009999999776482582,4.605174089813232
104,0.00896,4.605556872406006,0.009999999776482582,4.6051748245239255
105,0.00838,4.605573843688965,0.009999999776482582,4.605174104309082
106,0.00872,4.605566921081543,0.009999999776482582,4.605175007629395
107,0.0091,4.605563271331787,0.009999999776482582,4.605173706054687
108,0.0085,4.605557444915772,0.009999999776482582,4.605174389648438
109,0.00912,4.605567719573974,0.009999999776482582,4.605174848175049
110,0.00922,4.605561391296387,0.009999999776482582,4.605175889587402
111,0.00888,4.605564984436035,0.009999999776482582,4.6051739387512205
112,0.00854,4.6055699157714844,0.009999999776482582,4.605175395202637
113,0.00896,4.605559592590332,0.009999999776482582,4.605175789642334
114,0.00918,4.605555144958496,0.009999999776482582,4.605175262451172
115,0.00844,4.605569282226562,0.009999999776482582,4.605174821472168
116,0.00874,4.605569662628174,0.009999999776482582,4.605174347686767
117,0.00848,4.605571487731933,0.009999999776482582,4.605174057006836
118,0.00846,4.605564109802246,0.009999999776482582,4.605174297332764
119,0.00874,4.605573934326172,0.009999999776482582,4.605174766540527
120,0.00862,4.605562919464111,0.009999999776482582,4.605174091339111
121,0.00894,4.605557807464599,0.009999999776482582,4.605174140167236
122,0.00908,4.60556169921875,0.009999999776482582,4.605173944854736
123,0.00874,4.605571094512939,0.009999999776482582,4.605173616027832
124,0.00874,4.605572669525147,0.009999999776482582,4.605174411010742
125,0.00826,4.605581422424317,0.009999999776482582,4.605174227905273
126,0.00874,4.6055802815246585,0.009999999776482582,4.605174020385742
127,0.00884,4.605589378509522,0.009999999776482582,4.605175350952148
128,0.00908,4.605577218322754,0.009999999776482582,4.605173448181152
129,0.00868,4.6056234115600585,0.009999999776482582,4.605174827575683
130,0.00882,4.6055608749389645,0.009999999776482582,4.60517434387207
131,0.00928,4.605560234222412,0.009999999776482582,4.605174233245849
132,0.00934,4.605555720062256,0.009999999776482582,4.605174388122559
133,0.00924,4.605565359954834,0.009999999776482582,4.605174195098877
134,0.00816,4.6055590335083005,0.009999999776482582,4.60517452545166
135,0.00898,4.6055656088256836,0.009999999776482582,4.605173826599121
136,0.00844,4.605583330841064,0.009999999776482582,4.605175003814697
137,0.00878,4.605773541259766,0.009999999776482582,4.605173403930664
138,0.00824,4.605573120269775,0.009999999776482582,4.60517446899414
139,0.00784,4.60558795425415,0.009999999776482582,4.605175478363037
140,0.0089,4.605613426208496,0.009999999776482582,4.605175151062012
141,0.00866,4.605568633728027,0.009999999776482582,4.6051758247375485
142,0.0085,4.605554122619629,0.009999999776482582,4.605174882507324
143,0.00832,4.605574518737793,0.009999999776482582,4.6051745666503905
144,0.0092,4.6057016641235355,0.009999999776482582,4.605174786376953
145,0.00854,4.605564777526856,0.009999999776482582,4.6051740646362305
146,0.00872,4.605685363159179,0.009999999776482582,4.605175540924073
147,0.00844,4.605572520904541,0.009999999776482582,4.605175347137451
148,0.00828,4.6055672998046875,0.009999999776482582,4.605176021575928
149,0.00846,4.605569080810547,0.009999999776482582,4.605174247741699
150,0.00868,4.605556097106934,0.009999999776482582,4.605173857879639
151,0.00918,4.6055519078063964,0.009999999776482582,4.605174395751953
152,0.00898,4.6055701599121095,0.009999999776482582,4.605175634765625
153,0.00834,4.605564023590088,0.009999999776482582,4.605174672698975
154,0.00828,4.605566538543701,0.009999999776482582,4.605174709320068
155,0.00868,4.605574406738281,0.009999999776482582,4.605173239135742
156,0.00882,4.60698480682373,0.009999999776482582,4.605174345397949
157,0.0087,4.605565610504151,0.009999999776482582,4.605174029541016
158,0.00848,4.6055578828430175,0.009999999776482582,4.605174325561523
159,0.00848,4.605555408782959,0.009999999776482582,4.605173578643798
160,0.00872,4.605556326599121,0.009999999776482582,4.605173875427246
161,0.00856,4.605564947509766,0.009999999776482582,4.605174633789063
162,0.0088,4.605566167144775,0.009999999776482582,4.605174333190918
163,0.00852,4.605576513671875,0.009999999776482582,4.605173777770996
164,0.00876,4.605551639099121,0.009999999776482582,4.605173676300049
165,0.00822,4.605738413085938,0.009999999776482582,4.605174268341065
166,0.00856,4.605579328002929,0.009999999776482582,4.605173280334473
167,0.0086,4.605568215637207,0.009999999776482582,4.605174125671387
168,0.00916,4.605564460906982,0.009999999776482582,4.605174124908447
169,0.00896,4.605565466613769,0.009999999776482582,4.605174472045898
170,0.00862,4.60556688873291,0.009999999776482582,4.605174838256836
171,0.00874,4.605574156188965,0.009999999776482582,4.605173548126221
172,0.00846,4.605559504699707,0.009999999776482582,4.605173815155029
173,0.00844,4.605540917663574,0.009999999776482582,4.605174896240235
174,0.00806,4.605558409423828,0.009999999776482582,4.60517511138916
175,0.00852,4.605565243225097,0.009999999776482582,4.605174448394775
176,0.00822,4.605569864349365,0.009999999776482582,4.605174278259278
177,0.0084,4.605556995849609,0.009999999776482582,4.605173645782471
178,0.00838,4.60556343093872,0.009999999776482582,4.605173941040039
179,0.00842,4.605555604248047,0.009999999776482582,4.605173769378662
180,0.00912,4.605545811920166,0.009999999776482582,4.605174111175537
181,0.00874,4.605576842346191,0.009999999776482582,4.605174377441406
182,0.00904,4.6055643545532226,0.009999999776482582,4.605174346923828
183,0.00854,4.605558445129395,0.009999999776482582,4.605175039672852
184,0.0089,4.605559366607666,0.009999999776482582,4.605175477600097
185,0.0086,4.605577148590088,0.009999999776482582,4.605175726318359
186,0.00882,4.605572358398438,0.009999999776482582,4.605175122070312
187,0.00862,4.6055741806030275,0.009999999776482582,4.605175493621826
188,0.00822,4.605568484039306,0.009999999776482582,4.605175178527832
189,0.00856,4.605559781188965,0.010099999606609344,6.2589866653442385
190,0.00898,4.605561135559082,0.009999999776482582,4.605174076843261
191,0.00922,4.605565975036621,0.009999999776482582,4.605174374389648
192,0.00792,4.6055733255004885,0.009999999776482582,4.60517454071045
193,0.00948,4.605569568328858,0.009999999776482582,4.605174210357666
194,0.00902,4.605563310394287,0.009999999776482582,4.605174787902832
195,0.00876,4.6055552661132815,0.009999999776482582,4.6051748138427735
196,0.00788,4.605573197784424,0.009999999776482582,4.605174510192871
197,0.00816,4.605564135894776,0.009999999776482582,4.605174141693115
198,0.00876,4.605571441955567,0.009999999776482582,4.60517403717041
199,0.00898,4.605547242126465,0.009999999776482582,4.605174500274658
200,0.00898,4.605567178039551,0.009999999776482582,4.605175241088867
201,0.00862,4.605572603759765,0.009999999776482582,4.605174996948242
202,0.00866,4.605560688781738,0.009999999776482582,4.605173373413086
203,0.00824,4.605556712341309,0.009999999776482582,4.605173280334473
204,0.00832,4.605563244476318,0.009999999776482582,4.6051739418029785
205,0.0084,4.605556767272949,0.009999999776482582,4.605173731994629
206,0.00922,4.605569594268799,0.009999999776482582,4.605173846435547
207,0.00906,4.605566312103272,0.009999999776482582,4.605173885345459
208,0.0091,4.6055690968322756,0.009999999776482582,4.605174293518067
209,0.0091,4.605570693511963,0.009999999776482582,4.60517364730835
210,0.00882,4.605570778656006,0.009999999776482582,4.605174638366699
211,0.0086,4.605555512390136,0.009999999776482582,4.605174826049804
212,0.00848,4.605589565582275,0.009999999776482582,4.605175505828857
213,0.0092,4.605568616485596,0.009999999776482582,4.605174487304687
214,0.0088,4.605567183990479,0.009999999776482582,4.605173634338379
215,0.00906,4.605559057922363,0.009999999776482582,4.6051739318847655
216,0.0089,4.6055458023071285,0.009999999776482582,4.605174593353271
217,0.00866,4.605565249328613,0.009999999776482582,4.605174575805664
218,0.00888,4.605568910217285,0.009999999776482582,4.605173291778565
219,0.00912,4.605564413757325,0.009999999776482582,4.605175054931641
220,0.0093,4.605576265716553,0.009999999776482582,4.605174650573731
221,0.00886,4.605550782775879,0.009999999776482582,4.605174522399903
222,0.0087,4.605551707611084,0.009999999776482582,4.6051736907958984
223,0.0085,4.605554949035644,0.009999999776482582,4.605174168395996
224,0.0089,4.6055539981079106,0.009999999776482582,4.605174807739258
225,0.00866,4.605565145568848,0.009999999776482582,4.605174194335937
226,0.00854,4.605580622253418,0.009999999776482582,4.605173344421387
227,0.00854,4.60556936126709,0.009999999776482582,4.605175131988525
228,0.00888,4.66841797958374,0.009999999776482582,4.605175148010254
229,0.00858,4.605573956298828,0.009999999776482582,4.605175039672852
230,0.0088,4.605565559539795,0.009999999776482582,4.6051744384765625
231,0.00858,4.605558780364991,0.009999999776482582,4.605173918151856
232,0.00836,4.605563383331299,0.009999999776482582,4.605174432373047
233,0.00892,4.605560940856933,0.009999999776482582,4.6051745574951175
234,0.0088,4.60555703918457,0.009999999776482582,4.605173719024658
235,0.00862,4.605566574707031,0.009999999776482582,4.605174983978271
236,0.00868,4.605571364440918,0.009999999776482582,4.605173905944824
237,0.00868,4.605561107940674,0.009999999776482582,4.605174362945557
238,0.00866,4.605566831665039,0.009999999776482582,4.605174226379394
239,0.0093,4.605566320037842,0.009999999776482582,4.60517414932251
240,0.00872,4.605565616149902,0.009999999776482582,4.605174094390869
241,0.00876,4.605580757141113,0.009999999776482582,4.605174446105957
242,0.00802,4.605568984375,0.009999999776482582,4.605173425292969
243,0.00914,4.605561960144043,0.009999999776482582,4.605174345397949
244,0.00906,4.60555551361084,0.009999999776482582,4.605173603820801
245,0.0086,4.605559560394287,0.009999999776482582,4.605174920654297
246,0.00872,4.60556921875,0.009999999776482582,4.605174658203125
247,0.00878,4.60556767501831,0.009999999776482582,4.605173608398437
248,0.00938,4.605569964752197,0.009999999776482582,4.605173429107666
249,0.00854,4.605566413421631,0.009999999776482582,4.605174095153808
250,0.00896,4.605564553222656,0.009999999776482582,4.6051745582580565
251,0.00946,4.60556130279541,0.009999999776482582,4.605174998474121
252,0.00836,4.605583067932129,0.009999999776482582,4.605174221801758
253,0.0085,4.605555725708008,0.009999999776482582,4.605174600219726
254,0.00874,4.605567992858886,0.009999999776482582,4.605173878479004
255,0.00902,4.605552359008789,0.009999999776482582,4.605174683380127
256,0.00906,4.605566960144043,0.009999999776482582,4.605175481414795
257,0.00884,4.605566128234863,0.009999999776482582,4.605175205993652
258,0.00848,4.605561058654785,0.009999999776482582,4.605173255157471
259,0.0085,4.605546219482422,0.009999999776482582,4.6051743110656735
260,0.00914,4.605557950286865,0.009999999776482582,4.605174657440186
261,0.00858,4.605564465484619,0.009999999776482582,4.605174143981934
262,0.00884,4.605561403045654,0.009999999776482582,4.605173648834229
263,0.00866,4.605576009216309,0.009999999776482582,4.605173635101318
264,0.00902,4.605562963867188,0.009999999776482582,4.605174261474609
265,0.00874,4.605587223205567,0.009999999776482582,4.605174844360351
266,0.00868,4.605570281677246,0.009999999776482582,4.605174247741699
267,0.0085,4.605548567199707,0.009999999776482582,4.605174697113037
268,0.0086,4.605562624816894,0.009999999776482582,4.6051736892700195
269,0.009,4.605557093353272,0.009999999776482582,4.605174850463867
270,0.00864,4.6055582688903804,0.009999999776482582,4.605174942779541
271,0.00858,4.605562342071533,0.009999999776482582,4.605177012634277
272,0.00878,4.605550540466308,0.009999999776482582,4.605174955749511
273,0.00884,4.605580916748047,0.009999999776482582,4.605174531555176
274,0.00876,4.605552980804443,0.009999999776482582,4.605174104309082
275,0.00874,4.6055736056518555,0.009999999776482582,4.605174153137207
276,0.00842,4.605564747314453,0.009999999776482582,4.605173152160645
277,0.00906,4.60557120513916,0.009999999776482582,4.605174981689453
278,0.00866,4.6055592100524905,0.009999999776482582,4.605174650573731
279,0.00846,4.605589466247559,0.009999999776482582,4.6051749404907225
280,0.00858,4.605570147247314,0.009999999776482582,4.605175364685058
281,0.00896,4.605560265960693,0.009999999776482582,4.605173553466797
282,0.00888,4.605564604034424,0.009999999776482582,4.60517424697876
283,0.0093,4.6055697952270505,0.009999999776482582,4.605174022674561
284,0.00856,4.6055491137695315,0.009999999776482582,4.6051748191833495
285,0.00874,4.6055872282409664,0.009999999776482582,4.6051748123168945
286,0.00832,4.60556989868164,0.009999999776482582,4.605174654388428
287,0.00852,4.605559106750488,0.009999999776482582,4.605174618530273
288,0.00852,4.6055655612182615,0.009999999776482582,4.6051741767883305
289,0.0086,4.60557362701416,0.009999999776482582,4.605174761962891
290,0.0083,4.605570450134278,0.009999999776482582,4.605173783111573
291,0.00818,4.605566622467041,0.009999999776482582,4.605173449707031
292,0.00862,4.605546640319824,0.009999999776482582,4.605174453735351
293,0.00924,4.605581797180176,0.009999999776482582,4.6051749473571775
294,0.0094,4.605556766662597,0.009999999776482582,4.605173260498047
295,0.00906,4.605552275543213,0.009999999776482582,4.605174755859375
296,0.00844,4.60557617401123,0.009999999776482582,4.605174255371094
297,0.00828,4.605562590484619,0.009999999776482582,4.605175147247315
298,0.00888,4.605562984771728,0.009999999776482582,4.605174206542968
299,0.00888,4.605557267913818,0.009999999776482582,4.605173791503907
300,0.0086,4.605577362670898,0.009999999776482582,4.605175143432617
301,0.0082,4.6055599830627445,0.009999999776482582,4.605174887084961
302,0.00856,4.605572643432617,0.009999999776482582,4.605173359680176
303,0.00864,4.605559172668457,0.009999999776482582,4.605174073791504
304,0.00912,4.605562788238525,0.009999999776482582,4.60517474822998
305,0.00886,4.605566668243408,0.009999999776482582,4.605174073791504
306,0.00858,4.6055613723754885,0.009999999776482582,4.605175569152832
307,0.00848,4.605552937469483,0.009999999776482582,4.605173777008057
308,0.00786,4.605567096862793,0.009999999776482582,4.605174263763428
309,0.0083,4.605571149597168,0.009999999776482582,4.605173776245117
310,0.00832,4.6055717926025395,0.009999999776482582,4.605174648284912
311,0.0093,4.605547763671875,0.009999999776482582,4.605173915100098
312,0.0091,4.605555213317871,0.009999999776482582,4.605174239349365
313,0.0087,4.605581775817871,0.009999999776482582,4.605173670959473
314,0.00816,4.605558917694092,0.009999999776482582,4.605173588562011
315,0.00856,4.6055783152771,0.009999999776482582,4.605173789978028
316,0.00878,4.605573013000488,0.009999999776482582,4.605174305725098
317,0.0084,4.60557003112793,0.009999999776482582,4.605173444366455
318,0.00888,4.605574233093262,0.009999999776482582,4.605174910736084
319,0.00914,4.605560979766846,0.009999999776482582,4.605174576568603
320,0.00838,4.605562630767822,0.009999999776482582,4.605174363708496
321,0.00852,4.605550013122558,0.009999999776482582,4.605173770141602
322,0.0081,4.605552497253418,0.009999999776482582,4.6051744369506835
323,0.00872,4.605565292053223,0.009999999776482582,4.6051739379882815
324,0.00864,4.605571541748047,0.009999999776482582,4.605173659515381
325,0.00802,4.605579154510498,0.009999999776482582,4.605173461151123
326,0.00838,4.605570499420166,0.009999999776482582,4.605173332977295
327,0.00866,4.605557122497559,0.009999999776482582,4.605173919677735
328,0.0089,4.605571053314209,0.009999999776482582,4.605174609375
329,0.00876,4.605572311706543,0.009999999776482582,4.605174465942383
330,0.0081,4.605560091552734,0.009999999776482582,4.6051738143920895
331,0.00834,4.605578550415039,0.009999999776482582,4.605173913574219
332,0.00878,4.605558150939942,0.009999999776482582,4.605174270629883
333,0.00914,4.605554959411621,0.009999999776482582,4.605174136352539
334,0.0087,4.605579569396973,0.009999999776482582,4.6051736915588375
335,0.00856,4.605569145812988,0.009999999776482582,4.6051740585327146
336,0.00836,4.605567075805664,0.009999999776482582,4.605176211547851
337,0.00872,4.605565166015625,0.009999999776482582,4.6051750595092775
338,0.00858,4.605573839874268,0.009999999776482582,4.605174444580078
339,0.00846,4.605553110351562,0.009999999776482582,4.605174700927734
340,0.0087,4.605550698394776,0.009999999776482582,4.605172972106933
341,0.0091,4.605571280212402,0.009999999776482582,4.605174340820312
342,0.0085,4.605563362121582,0.009999999776482582,4.605174794769287
343,0.00834,4.605579543151856,0.009999999776482582,4.6051750717163085
344,0.009,4.605557397460937,0.009999999776482582,4.60517363357544
345,0.00858,4.605569314422607,0.009999999776482582,4.605174421691895
346,0.00858,4.605568270263672,0.009999999776482582,4.605173352050781
347,0.009,4.605564681243896,0.009999999776482582,4.605173202514648
348,0.00906,4.605577808532715,0.009999999776482582,4.6051739349365235
349,0.00884,4.605570497131348,0.009999999776482582,4.6051739456176755
350,0.0086,4.605582217559815,0.009999999776482582,4.605174234008789
351,0.0081,4.605556537628174,0.009999999776482582,4.605174238586426
352,0.00872,4.605576064605713,0.009999999776482582,4.605173622131348
353,0.0086,4.6055704393005374,0.009999999776482582,4.605173482513428
354,0.00882,4.60557341217041,0.009999999776482582,4.605174418640137
355,0.0091,4.605560317077637,0.009999999776482582,4.605173832702636
356,0.00864,4.605559083557129,0.009999999776482582,4.605174320220947
357,0.00818,4.60557669052124,0.009999999776482582,4.605174654388428
358,0.00874,4.605558827514648,0.009999999776482582,4.605174898529053
359,0.00902,4.605563279418945,0.009999999776482582,4.605174031066895
360,0.00824,4.6055587594604495,0.009999999776482582,4.605173654937744
361,0.00832,4.605563014831543,0.009999999776482582,4.6051735488891605
362,0.00908,4.605563339538574,0.009999999776482582,4.6051745803833
363,0.0087,4.605570375366211,0.009999999776482582,4.605174572753906
364,0.00836,4.605554409942627,0.009999999776482582,4.605175039672852
365,0.00906,4.6055821475219725,0.009999999776482582,4.605174974060058
366,0.00888,4.6055610177612305,0.009999999776482582,4.605174533081055
367,0.00794,4.605584783935547,0.009999999776482582,4.605174021911621
368,0.00828,4.605565863952637,0.009999999776482582,4.605174781799317
369,0.00872,4.605556736755371,0.009999999776482582,4.60517537689209
370,0.0082,4.605588802642822,0.009999999776482582,4.6051739379882815
371,0.0085,4.6055482110595705,0.009999999776482582,4.605174221038818
372,0.00868,4.605588738708496,0.009999999776482582,4.605174200439453
373,0.0089,4.6055630078125,0.009999999776482582,4.605174314880371
374,0.00872,4.605564378967285,0.009999999776482582,4.605174391174317
375,0.009,4.605555261383056,0.009999999776482582,4.605174855041504
376,0.00926,4.605575317993164,0.009999999776482582,4.605174541473389
377,0.0094,4.605553231048584,0.009999999776482582,4.605173947143554
378,0.00924,4.605567883148193,0.009999999776482582,4.60517403793335
379,0.00884,4.605557901153564,0.009999999776482582,4.605173456573486
380,0.00802,4.605578226165772,0.009999999776482582,4.6051736930847165
381,0.00878,4.605564462585449,0.009999999776482582,4.605175018310547
382,0.00912,4.605556233673096,0.009999999776482582,4.605174021911621
383,0.00836,4.6055633082580565,0.009999999776482582,4.605174105834961
384,0.00866,4.605573964538574,0.009999999776482582,4.605173895263672
385,0.00884,4.605560093078613,0.009999999776482582,4.6051734329223635
386,0.00832,4.605570682373047,0.009999999776482582,4.605174267578125
387,0.00774,4.605574736938476,0.009999999776482582,4.605174047088623
388,0.00882,4.605574425811768,0.009999999776482582,4.605174026489258
389,0.00846,4.605568758850097,0.009999999776482582,4.605173895263672
390,0.00864,4.605569415435791,0.009999999776482582,4.605172875976563
391,0.00848,4.605566054229737,0.009999999776482582,4.605173918914795
392,0.009,4.60555527923584,0.009999999776482582,4.605174385070801
393,0.00816,4.605566466522217,0.009999999776482582,4.605173710632324
394,0.00898,4.60556412322998,0.009999999776482582,4.605175170898438
395,0.0081,4.605572866973877,0.009999999776482582,4.60517485961914
396,0.00844,4.605568637390137,0.009999999776482582,4.60517434387207
397,0.00846,4.605560125274658,0.009999999776482582,4.605173789978028
398,0.00844,4.6055751002502445,0.009999999776482582,4.605175601959228
399,0.00876,4.605570945281983,0.009999999776482582,4.605175743865967
400,0.00874,4.605561251373291,0.009999999776482582,4.605174958801269
401,0.0087,4.605558495941162,0.009999999776482582,4.6051758277893065
402,0.00908,4.605549067077637,0.009999999776482582,4.605174258422852
403,0.00878,4.605570982666015,0.009999999776482582,4.605173622131348
404,0.00858,4.605569843444824,0.009999999776482582,4.6051733001708985
405,0.00946,4.605550030822754,0.009999999776482582,4.605174524688721
406,0.00838,4.6055640420532225,0.009999999776482582,4.605175413513184
407,0.00868,4.605557959442138,0.009999999776482582,4.605174230957031
408,0.00862,4.605566712341308,0.009999999776482582,4.6051745262146
409,0.0086,4.605582421722412,0.009999999776482582,4.605174074554443
410,0.00812,4.605554756164551,0.009999999776482582,4.605173977661133
411,0.0089,4.60555828414917,0.009999999776482582,4.605174456787109
412,0.00902,4.605571882171631,0.009999999776482582,4.605174649047852
413,0.00912,4.60556208908081,0.009999999776482582,4.605175916290283
414,0.00918,4.6055599615478515,0.009999999776482582,4.605173501586914
415,0.0088,4.605564674377441,0.009999999776482582,4.605173941040039
416,0.0088,4.605565069274903,0.009999999776482582,4.605173010253906
417,0.00856,4.605558540039063,0.009999999776482582,4.605173620605469
418,0.00852,4.605567298583984,0.009999999776482582,4.605173907470703
419,0.0091,4.605569090118408,0.009999999776482582,4.605174102020264
420,0.00856,4.605557139587402,0.009999999776482582,4.605173411560059
421,0.00826,4.605566240386963,0.009999999776482582,4.605174964904785
422,0.00872,4.6055597212219235,0.009999999776482582,4.605175411224365
423,0.00846,4.605567886505127,0.009999999776482582,4.605174880218506
424,0.00898,4.605577563629151,0.009999999776482582,4.605173776245117
425,0.00934,4.60555976776123,0.009999999776482582,4.605173764038086
426,0.00802,4.605560336456299,0.009999999776482582,4.605173384857178
427,0.00834,4.60556145111084,0.009999999776482582,4.605174664306641
428,0.00902,4.6055709152221675,0.009999999776482582,4.60517586517334
429,0.00854,4.6055645333862305,0.009999999776482582,4.605174632263184
430,0.00916,4.605577618103028,0.009999999776482582,4.605174704742431
431,0.00826,4.605558124084473,0.009999999776482582,4.605174380493164
432,0.00826,4.6055672268676755,0.009999999776482582,4.605174464416504
433,0.00818,4.605577223815918,0.009999999776482582,4.605174073791504
434,0.00946,4.605562441558838,0.009999999776482582,4.605174215698242
435,0.00828,4.605558253173828,0.009999999776482582,4.605174194335937
436,0.00908,4.605572098236084,0.009999999776482582,4.6051751876831055
437,0.00844,4.6055556782531735,0.009999999776482582,4.6051724174499515
438,0.00804,4.605632532806396,0.009999999776482582,4.605174237823486
439,0.0085,4.605561949768067,0.009999999776482582,4.605174960327148
440,0.00858,4.880170533294677,0.009999999776482582,4.605174377441406
441,0.00888,4.605564336395264,0.009999999776482582,4.605174744415283
442,0.00816,4.605577169189453,0.009999999776482582,4.605173361206055
443,0.00892,4.605573621826172,0.009999999776482582,4.6051735565185545
444,0.00882,4.605560858306885,0.009999999776482582,4.605174098205566
445,0.00848,4.605575186462402,0.009999999776482582,4.605173941040039
446,0.00892,4.60556847076416,0.009999999776482582,4.605173968505859
447,0.00862,4.605579425964356,0.009999999776482582,4.605174279022217
448,0.00862,4.605559905090332,0.009999999776482582,4.605174351501465
449,0.00864,4.6055606423950195,0.009999999776482582,4.605173947143554
450,0.0086,4.606107954711914,0.009999999776482582,4.605173992156982
451,0.00888,4.605559052429199,0.009999999776482582,4.605174775695801
452,0.00848,4.60557456161499,0.009999999776482582,4.605174150085449
453,0.00902,4.605560664520263,0.009999999776482582,4.605173616790771
454,0.0087,4.605563287506103,0.009999999776482582,4.605174577331543
455,0.0088,4.605561649017334,0.009999999776482582,4.605174169921875
456,0.00836,4.605558686218262,0.009999999776482582,4.605175360107422
457,0.00926,4.605563435058594,0.009999999776482582,4.605174821472168
458,0.00858,4.605572328643799,0.009999999776482582,4.605174169921875
459,0.0096,4.605554629974365,0.009999999776482582,4.605175033569336
460,0.00842,4.605564256744385,0.009999999776482582,4.605173802947998
461,0.00948,4.605560149230957,0.009999999776482582,4.605173141479492
462,0.00892,4.605567714538574,0.009999999776482582,4.605173657226563
463,0.00874,4.605574822998046,0.009999999776482582,4.605174502563477
464,0.00858,4.605562741394043,0.009999999776482582,4.605174081420898
465,0.00926,4.605540636291504,0.009999999776482582,4.605175663757324
466,0.00864,4.605565641937256,0.009999999776482582,4.605175268554688
467,0.00862,4.605576226501465,0.009999999776482582,4.605174796295166
468,0.00882,4.605554839019775,0.009999999776482582,4.605173359680176
469,0.00832,4.605559780883789,0.009999999776482582,4.605173742675781
470,0.00942,4.605550948028564,0.009999999776482582,4.605174327087402
471,0.00902,4.605560515136719,0.009999999776482582,4.605175179290772
472,0.00872,4.605548671722412,0.009999999776482582,4.605175325012207
473,0.00866,4.605562118835449,0.009999999776482582,4.605176161193848
474,0.00902,4.605581020812989,0.009999999776482582,4.605176054382325
475,0.00858,4.60556025314331,0.009999999776482582,4.60517438583374
476,0.00904,4.605552368011475,0.009999999776482582,4.605173890686035
477,0.0091,4.605562966613769,0.009999999776482582,4.605174424743653
478,0.0089,4.60557119354248,0.009999999776482582,4.605175032043457
479,0.00904,4.605569050292969,0.009999999776482582,4.605174769592285
480,0.0089,4.605552975006104,0.009999999776482582,4.605174114990234
481,0.00848,4.616602653503418,0.009999999776482582,4.605175160217285
482,0.0088,4.605569303741455,0.009999999776482582,4.6051744392395015
483,0.00884,4.60556735168457,0.009999999776482582,4.60517399520874
484,0.00902,4.605559875030518,0.009999999776482582,4.605174602508545
485,0.00938,4.6055742558288575,0.009999999776482582,4.605174711608886
486,0.00854,4.605559524230957,0.009999999776482582,4.605174304199219
487,0.00886,4.605581599273681,0.009999999776482582,4.605173110198975
488,0.00822,4.605560061187744,0.009999999776482582,4.605172785949707
489,0.0085,4.605550500640869,0.009999999776482582,4.605173703002929
490,0.00864,4.605573703308106,0.009999999776482582,4.605174578857422
491,0.00944,4.6055699559021,0.009999999776482582,4.605174546051026
492,0.0082,4.6055736172485355,0.009999999776482582,4.605175100708008
493,0.00922,4.6055577124023435,0.009999999776482582,4.605174711608886
494,0.0089,4.605572106933594,0.009999999776482582,4.60517484588623
495,0.00902,4.60557243133545,0.009999999776482582,4.605174635314941
496,0.00906,4.605563753967285,0.009999999776482582,4.605174364471435
497,0.00872,4.605562894287109,0.009999999776482582,4.605174236297607
498,0.00868,4.605567041473389,0.009999999776482582,4.605174050140381
499,0.00888,4.605570265960694,0.009999999776482582,4.605173854827881
500,0.00864,4.605563001708984,0.009999999776482582,4.605174398803711
501,0.0089,4.605582878723144,0.009999999776482582,4.605174457550048
502,0.0087,4.605557860107422,0.009999999776482582,4.605173867034912
503,0.0088,4.605550568542481,0.009999999776482582,4.605173860168457
504,0.0088,4.605564437103271,0.009999999776482582,4.605174626159668
505,0.00814,4.605564722442627,0.009999999776482582,4.605173373413086
506,0.00908,4.605588647460937,0.009999999776482582,4.605173616790771
507,0.00894,4.605565,0.009999999776482582,4.605174134063721
508,0.00886,4.605555732269287,0.009999999776482582,4.605173445129394
509,0.00844,4.605566877441406,0.009999999776482582,4.605173919677735
510,0.00834,4.605570914611817,0.009999999776482582,4.605175102233887
511,0.00862,4.605559045104981,0.009999999776482582,4.605174363708496
512,0.00894,4.605568962860107,0.009999999776482582,4.6051741897583005
513,0.00854,4.60557374710083,0.009999999776482582,4.605175460815429
514,0.009,4.605572504730224,0.009999999776482582,4.605173628997803
515,0.00912,4.605560354003906,0.009999999776482582,4.60517371673584
516,0.00876,4.605577113342285,0.009999999776482582,4.605173568725586
517,0.00938,4.60555592300415,0.009999999776482582,4.605173747253418
518,0.00856,4.605566731872559,0.009999999776482582,4.605174715423584
519,0.00856,4.6055575205993655,0.009999999776482582,4.605174285888672
520,0.00896,4.605580004425049,0.009999999776482582,4.605174955749511
521,0.0095,4.605572715606689,0.009999999776482582,4.60517445526123
522,0.0083,4.605563448486328,0.009999999776482582,4.605174708557129
523,0.0083,4.60555524093628,0.009999999776482582,4.605173873138428
524,0.00788,4.60556395828247,0.009999999776482582,4.605175268554688
525,0.00876,4.605580967864991,0.009999999776482582,4.605173446655273
526,0.00894,4.605572419281006,0.009999999776482582,4.605175621032715
527,0.00932,4.605573670654297,0.009999999776482582,4.605174641418457
528,0.00774,4.605570444793702,0.009999999776482582,4.60517350769043
529,0.00808,4.605552176361084,0.009999999776482582,4.6051741836547855
530,0.00896,4.605550814971924,0.009999999776482582,4.605173643493653
531,0.00908,4.605583792114258,0.009999999776482582,4.605174363708496
532,0.00754,4.605557705841065,0.009999999776482582,4.6051744491577145
533,0.00906,4.605563119049072,0.009999999776482582,4.605173400115967
534,0.00822,4.605557577209472,0.009999999776482582,4.605173652648926
535,0.00878,4.605558221740723,0.009999999776482582,4.6051741790771485
536,0.00858,4.605572232971191,0.009999999776482582,4.605174422454834
537,0.00842,4.605553921051025,0.009999999776482582,4.605173796844483
538,0.00874,4.605563294677735,0.009999999776482582,4.605174603271484
539,0.0089,4.605559328918457,0.009999999776482582,4.605173466491699
540,0.00914,4.605576506652832,0.009999999776482582,4.60517451248169
541,0.0092,4.605566897888184,0.009999999776482582,4.6051741790771485
542,0.00846,4.6055733543396,0.009999999776482582,4.605174166870118
543,0.00872,4.605552527160644,0.009999999776482582,4.605173871612549
544,0.00832,4.605570234680176,0.009999999776482582,4.605174908447266
545,0.00896,4.605572737731934,0.009999999776482582,4.605173725128174
546,0.0092,4.605568491210938,0.009999999776482582,4.605173644256592
547,0.008,4.6055715530395505,0.009999999776482582,4.605174151611328
548,0.0083,4.6055630795288085,0.009999999776482582,4.6051746871948245
549,0.008,4.60557134185791,0.009999999776482582,4.605174928283692
550,0.00842,4.605562066955566,0.009999999776482582,4.60517384185791
551,0.00846,4.605562162780762,0.009999999776482582,4.60517449798584
552,0.00882,4.605565083160401,0.009999999776482582,4.605174517059326
553,0.009,4.605570293121338,0.009999999776482582,4.605173706054687
554,0.00916,4.605570307006836,0.009999999776482582,4.605173378753662
555,0.00894,4.605569289245605,0.009999999776482582,4.605174000549316
556,0.00802,4.605574313354492,0.009999999776482582,4.6051741928100585
557,0.00926,4.605566484985352,0.009999999776482582,4.605174404144287
558,0.0092,4.605581981201172,0.009999999776482582,4.605174011993408
559,0.00896,4.605557444000244,0.009999999776482582,4.605173064422607
560,0.0087,4.60556642288208,0.009999999776482582,4.6051754196167
561,0.00884,4.605564328918457,0.009999999776482582,4.605173663330078
562,0.0087,4.605562440795898,0.009999999776482582,4.60517380065918
563,0.0084,4.605570538635254,0.009999999776482582,4.605173246765137
564,0.00864,4.605564159240723,0.009999999776482582,4.605175036621094
565,0.00858,4.605558774108887,0.009999999776482582,4.6051736785888675
566,0.0086,4.605560625915527,0.009999999776482582,4.605173725128174
567,0.0077,4.605565450592041,0.009999999776482582,4.605173707580566
568,0.0087,4.605569727935791,0.009999999776482582,4.605174385070801
569,0.00842,4.605563725738525,0.009999999776482582,4.60517396697998
570,0.00956,4.60556773651123,0.009999999776482582,4.605175545501709
571,0.00886,4.60557574584961,0.009999999776482582,4.605173345184326
572,0.00866,4.605566160583496,0.009999999776482582,4.605174752807617
573,0.00904,4.6055710871887205,0.009999999776482582,4.605174958801269
574,0.00828,4.605551962585449,0.009999999776482582,4.605175090026855
575,0.0076,4.605562422332763,0.009999999776482582,4.605174700927734
576,0.0088,4.605565400848389,0.009999999776482582,4.605174408721924
577,0.00846,4.6055730676269535,0.009999999776482582,4.6051744392395015
578,0.00858,4.605590029296875,0.009999999776482582,4.605174620056152
579,0.00884,4.605568124389649,0.009999999776482582,4.605174159240723
580,0.00868,4.605551081542969,0.009999999776482582,4.605174981689453
581,0.00846,4.605546471099854,0.009999999776482582,4.605174224853515
582,0.00898,4.605572045593262,0.009999999776482582,4.605174209594726
583,0.00878,4.605569724884033,0.009999999776482582,4.605174331665039
584,0.00918,4.605565560302734,0.009999999776482582,4.605174136352539
585,0.0083,4.60554837890625,0.009999999776482582,4.605174903869629
586,0.00798,4.605561930236816,0.009999999776482582,4.60517505645752
587,0.00872,4.605565535430908,0.009999999776482582,4.60517346496582
588,0.00806,4.605575218811035,0.009999999776482582,4.605174813079834
589,0.009,4.605563562164306,0.009999999776482582,4.605174575805664
590,0.00824,4.605558867492676,0.009999999776482582,4.605175581359863
591,0.00856,4.6055583503723145,0.009999999776482582,4.605175135803223
592,0.00904,4.605559290466308,0.009999999776482582,4.605173785400391
593,0.00884,4.605580647735596,0.009999999776482582,4.6051750831604
594,0.00892,4.60555518951416,0.009999999776482582,4.605174507141113
595,0.00914,4.605564642181396,0.009999999776482582,4.605173985290527
596,0.00852,4.605562395324707,0.009999999776482582,4.605175246429443
597,0.00886,4.6055569403076175,0.009999999776482582,4.6051746948242185
598,0.00922,4.60555682723999,0.009999999776482582,4.605174513244629
599,0.00854,4.605570211791992,0.009999999776482582,4.605174798583985
600,0.00842,4.605567971343994,0.009999999776482582,4.605173742675781
601,0.0088,4.605555448913575,0.009999999776482582,4.60517430267334
602,0.0089,4.605562454986572,0.009999999776482582,4.605174772644043
603,0.00926,4.60556825958252,0.009999999776482582,4.605174444580078
604,0.00882,4.605562831726075,0.009999999776482582,4.605175008392334
605,0.00824,4.605567108764649,0.009999999776482582,4.605174018859863
606,0.00908,4.605562769012451,0.009999999776482582,4.6051734420776365
607,0.00886,4.605573626556397,0.009999999776482582,4.605174016571045
608,0.00876,4.605558249664306,0.009999999776482582,4.605174560546875
609,0.00896,4.605570473327637,0.009999999776482582,4.605173960876465
610,0.0082,4.605550059814453,0.009999999776482582,4.6051739440917965
611,0.00866,4.6055632315063475,0.009999999776482582,4.6051742980957036
612,0.0092,4.605552738189697,0.009999999776482582,4.605174678039551
613,0.00852,4.605547113189697,0.009999999776482582,4.605175027465821
614,0.00864,4.605572253570557,0.009999999776482582,4.605175224304199
615,0.0088,4.605569641571045,0.009999999776482582,4.605174085235595
616,0.00808,4.605570338439941,0.009999999776482582,4.605173376464844
617,0.00822,4.605549418792725,0.009999999776482582,4.605174283599854
618,0.00932,4.605561690368653,0.009999999776482582,4.605174745941162
619,0.00912,4.605566858673096,0.009999999776482582,4.605174020385742
620,0.00898,4.605558510437012,0.009999999776482582,4.605173027038574
621,0.009,4.605558243713379,0.009999999776482582,4.605174652862549
622,0.00876,4.605551733398437,0.009999999776482582,4.605174040222168
623,0.00864,4.6055670050048825,0.009999999776482582,4.605174197387695
624,0.00914,4.605571483917236,0.009999999776482582,4.605175249481201
625,0.00862,4.605573992462158,0.009999999776482582,4.605174328613281
626,0.00898,4.605565458068848,0.009999999776482582,4.6051733253479
627,0.00824,4.6055669297790525,0.009999999776482582,4.605173921203614
628,0.0087,4.60557951675415,0.009999999776482582,4.60517378692627
629,0.00888,4.605563933258057,0.009999999776482582,4.605173446655273
630,0.00878,4.605551797180175,0.009999999776482582,4.605173391723633
631,0.00846,4.605556789245606,0.009999999776482582,4.6051739349365235
632,0.00828,4.605552863769531,0.009999999776482582,4.605174076843261
633,0.00848,4.6055573248291015,0.009999999776482582,4.605174142456055
634,0.0088,4.605562211456299,0.009999999776482582,4.605174758911133
635,0.00836,4.605562922821045,0.009999999776482582,4.605173717498779
636,0.00914,4.605558111877442,0.009999999776482582,4.605173674011231
637,0.00908,4.605549830627441,0.009999999776482582,4.605174285888672
638,0.00872,4.605570448150635,0.009999999776482582,4.6051739334106445
639,0.00816,4.605558869323731,0.009999999776482582,4.605174166107178
640,0.00904,4.605553526916504,0.009999999776482582,4.60517511138916
641,0.00912,4.605553908386231,0.009999999776482582,4.605174492645264
642,0.00892,4.605561382904053,0.009999999776482582,4.605174919891358
643,0.00846,4.605558389129639,0.009999999776482582,4.60517474822998
644,0.0089,4.6055826948547365,0.009999999776482582,4.605174876403809
645,0.008,4.605566142120361,0.009999999776482582,4.605174671936036
646,0.00864,4.605575622863769,0.009999999776482582,4.605173411560059
647,0.00834,4.605567690429687,0.009999999776482582,4.60517483215332
648,0.00844,4.605558309020996,0.009999999776482582,4.605172982025146
649,0.00856,4.605563573150635,0.009999999776482582,4.605173217773437
650,0.00876,4.605550866699219,0.009999999776482582,4.605174021148682
651,0.0085,4.605558981628418,0.009999999776482582,4.605174224853515
652,0.0088,4.605567503814697,0.009999999776482582,4.605174639129639
653,0.00866,4.6055582911682125,0.009999999776482582,4.605174572753906
654,0.00856,4.605566091003418,0.009999999776482582,4.6051747016906734
655,0.00798,4.60555749053955,0.009999999776482582,4.605173858642578
656,0.0084,4.60556934967041,0.009999999776482582,4.605174502563477
657,0.00868,4.605565176086426,0.009999999776482582,4.605174851226806
658,0.00902,4.605561573791504,0.009999999776482582,4.605174741363525
659,0.00844,4.60558619934082,0.009999999776482582,4.605175140380859
660,0.00854,4.605565202636718,0.009999999776482582,4.6051751907348635
661,0.00812,4.605562998352051,0.009999999776482582,4.605174479675293
662,0.00946,4.605563703918457,0.009999999776482582,4.605174102783203
663,0.00828,4.605565854339599,0.009999999776482582,4.605173463439941
664,0.00876,4.605566997680664,0.009999999776482582,4.605173338317871
665,0.00888,4.605576064147949,0.009999999776482582,4.605173582458496
666,0.0083,4.605565094909668,0.009999999776482582,4.605173658752442
667,0.00856,4.605562966308594,0.009999999776482582,4.605174475860596
668,0.00852,4.605565752563477,0.009999999776482582,4.605174241638184
669,0.00816,4.605569365539551,0.009999999776482582,4.605174778747559
670,0.00928,4.605577864074707,0.009999999776482582,4.605174537658692
671,0.0086,4.605567026672364,0.009999999776482582,4.60517345123291
672,0.00892,4.605559640808106,0.009999999776482582,4.605174835968017
673,0.0088,4.60556900970459,0.009999999776482582,4.605174339294433
674,0.0084,4.605556404724121,0.009999999776482582,4.605174130249023
675,0.0091,4.605565350341797,0.009999999776482582,4.605174740600586
676,0.00846,4.6055746481323245,0.009999999776482582,4.605174670410157
677,0.00886,4.605557735748291,0.009999999776482582,4.605173985290527
678,0.00854,4.605577104339599,0.009999999776482582,4.605174767303467
679,0.00866,4.605557220153808,0.009999999776482582,4.605174243164062
680,0.00886,4.6055576756286625,0.009999999776482582,4.605172830200195
681,0.00848,4.605558675994873,0.009999999776482582,4.60517433013916
682,0.00922,4.605573123321533,0.009999999776482582,4.605174667358399
683,0.00942,4.605559926147461,0.009999999776482582,4.605175853729248
684,0.00882,4.605564621124268,0.009999999776482582,4.605174231719971
685,0.00916,4.605575280609131,0.009999999776482582,4.60517515411377
686,0.00926,4.605566929626465,0.009999999776482582,4.605173895263672
687,0.00916,4.605571137695312,0.009999999776482582,4.605173697662353
688,0.0095,4.60557005065918,0.009999999776482582,4.6051736930847165
689,0.00912,4.605548750305176,0.009999999776482582,4.605174601745605
690,0.00844,4.6055630941772465,0.009999999776482582,4.605175038146973
691,0.00836,4.605557626037598,0.009999999776482582,4.605173826599121
692,0.00904,4.60556893371582,0.009999999776482582,4.6051734382629395
693,0.00846,4.605561240692139,0.009999999776482582,4.6051741928100585
694,0.00958,4.6055749182128904,0.009999999776482582,4.605174172973633
695,0.00852,4.605570118865967,0.009999999776482582,4.605174532318115
696,0.0083,4.60555462310791,0.009999999776482582,4.605174217224121
697,0.00872,4.6055726170349125,0.009999999776482582,4.605174617767334
698,0.009,4.605561750183106,0.009999999776482582,4.6051742980957036
699,0.00912,4.605565634765625,0.009999999776482582,4.605173854064941
700,0.00888,4.60556595993042,0.009999999776482582,4.605174774169922
701,0.00804,4.605570785827637,0.009999999776482582,4.605174598693847
702,0.00874,4.60556966293335,0.009999999776482582,4.605174108886719
703,0.00896,4.605549479370117,0.009999999776482582,4.60517389831543
704,0.00858,4.605561280822754,0.009999999776482582,4.6051740615844725
705,0.00864,4.605573017883301,0.009999999776482582,4.60517423248291
706,0.00872,4.605578063659668,0.009999999776482582,4.605175027465821
707,0.00906,4.605574931030273,0.009999999776482582,4.605174162292481
708,0.0083,4.605589304351807,0.009999999776482582,4.605174803924561
709,0.00834,4.605556633300782,0.009999999776482582,4.605173974609375
710,0.00892,4.6055532096862795,0.009999999776482582,4.605174353027344
711,0.00886,4.6055620248413085,0.009999999776482582,4.605173672485352
712,0.00916,4.605570908966064,0.009999999776482582,4.605174992370605
713,0.009,4.605571047821045,0.009999999776482582,4.605174934387207
714,0.00828,4.605561043701172,0.009999999776482582,4.605174253845215
715,0.0092,4.605569772949218,0.009999999776482582,4.605173777008057
716,0.00906,4.605560164642334,0.009999999776482582,4.605174000549316
717,0.00844,4.605572756042481,0.009999999776482582,4.605173382568359
718,0.00912,4.605580828552246,0.009999999776482582,4.605172891235352
719,0.00808,4.605565413208008,0.009999999776482582,4.605173990631103
720,0.00868,4.605573814697266,0.009999999776482582,4.605174666595459
721,0.00896,4.60556541091919,0.009999999776482582,4.605174849700928
722,0.00828,4.605572777709961,0.009999999776482582,4.60517350769043
723,0.00842,4.605558305664062,0.009999999776482582,4.6051738067626955
724,0.00848,4.605560590362549,0.009999999776482582,4.60517474899292
725,0.0092,4.605572835388184,0.009999999776482582,4.6051733123779295
726,0.00826,4.605570398101807,0.009999999776482582,4.605174335479736
727,0.00854,4.605560799255371,0.009999999776482582,4.605174674987793
728,0.00812,4.605547105255127,0.009999999776482582,4.605173608398437
729,0.0087,4.605563143157959,0.009999999776482582,4.605174221038818
730,0.0083,4.605578374938965,0.009999999776482582,4.605173962402343
731,0.0089,4.6055644543457035,0.009999999776482582,4.605173214721679
732,0.00836,4.6055708161926265,0.009999999776482582,4.605174549865723
733,0.00832,4.605558215332032,0.009999999776482582,4.605173016357422
734,0.00818,4.605559895172119,0.009999999776482582,4.605174250030518
735,0.00992,4.6055757717895505,0.009999999776482582,4.60517483215332
736,0.00852,4.605558956451416,0.009999999776482582,4.605174352264404
737,0.00898,4.605569808044433,0.009999999776482582,4.605174800109864
738,0.0085,4.605566009368896,0.009999999776482582,4.605175379943848
739,0.00846,4.605584496154785,0.009999999776482582,4.605174635314941
740,0.00812,4.605569452209473,0.009999999776482582,4.6051748138427735
741,0.00934,4.605560172119141,0.009999999776482582,4.605175206756591
742,0.00902,4.605553471984863,0.009999999776482582,4.605174856567383
743,0.00882,4.605560390777588,0.009999999776482582,4.605175091552734
744,0.00854,4.6055563400268555,0.009999999776482582,4.605174055480957
745,0.00804,4.605568347930908,0.009999999776482582,4.6051740600585935
746,0.00856,4.605567557373047,0.009999999776482582,4.605173463439941
747,0.0087,4.605556253662109,0.009999999776482582,4.605173156738282
748,0.00832,4.605557846984864,0.009999999776482582,4.6051744415283205
749,0.00894,4.605570223693848,0.009999999776482582,4.6051738082885745
750,0.0095,4.605562968444824,0.009999999776482582,4.605173762512207
751,0.00824,4.605554094085694,0.009999999776482582,4.605174390411377
752,0.00804,4.605558267974853,0.009999999776482582,4.605173757171631
753,0.00896,4.605565231018066,0.009999999776482582,4.605174208068847
754,0.00886,4.605566489562988,0.009999999776482582,4.605174162292481
755,0.00818,4.605577955169678,0.009999999776482582,4.605174014282227
756,0.00868,4.605560182189941,0.009999999776482582,4.605173919677735
757,0.00798,4.605570478363037,0.009999999776482582,4.605174984741211
758,0.00944,4.6055582888793944,0.009999999776482582,4.605174603271484
759,0.00858,4.605566051177979,0.009999999776482582,4.605174589538574
760,0.00896,4.605567507629394,0.009999999776482582,4.605174496459961
761,0.00876,4.605551167907715,0.009999999776482582,4.605173062133789
762,0.00866,4.605561473236084,0.009999999776482582,4.605173905181885
763,0.00924,4.605579423065185,0.009999999776482582,4.605174794006348
764,0.00866,4.605567410888672,0.009999999776482582,4.605175649261475
765,0.00878,4.605574876708984,0.009999999776482582,4.605173629760742
766,0.00832,4.605559256286621,0.009999999776482582,4.605174044799805
767,0.00824,4.605567145080566,0.009999999776482582,4.605174652862549
768,0.00834,4.605563884429932,0.009999999776482582,4.605174981689453
769,0.00902,4.605560655822754,0.009999999776482582,4.605175476074219
770,0.0084,4.605565711364746,0.009999999776482582,4.605174948120117
771,0.00846,4.60556300415039,0.009999999776482582,4.605173603820801
772,0.00856,4.605567521820069,0.009999999776482582,4.605174299621582
773,0.00852,4.605567242431641,0.009999999776482582,4.60517336807251
774,0.00834,4.605564821777344,0.009999999776482582,4.605174036407471
775,0.0097,4.605571237640381,0.009999999776482582,4.605174853515625
776,0.00864,4.605566177062988,0.009999999776482582,4.605173516845703
777,0.00908,4.605555850524902,0.009999999776482582,4.6051735496521
778,0.0083,4.60556241973877,0.009999999776482582,4.605174082946777
779,0.00852,4.605575651855469,0.009999999776482582,4.605173831176757
780,0.00856,4.60555705368042,0.009999999776482582,4.605174857330322
781,0.00894,4.605573434295654,0.009999999776482582,4.605174222564697
782,0.00814,4.605563995666504,0.009999999776482582,4.605174974822998
783,0.00888,4.605569468231201,0.009999999776482582,4.6051739242553715
784,0.00906,4.6055695051574705,0.009999999776482582,4.6051755859375
785,0.00894,4.605551351623535,0.009999999776482582,4.6051753227233885
786,0.00884,4.605566659851074,0.009999999776482582,4.605175754547119
787,0.00828,4.605572062530517,0.009999999776482582,4.605176396179199
788,0.00912,4.605586808776856,0.009999999776482582,4.605175768280029
789,0.00902,4.605574427490234,0.009999999776482582,4.605174583435058
790,0.00922,4.6055629605102535,0.009999999776482582,4.605175520324707
791,0.00824,4.605564253997803,0.009999999776482582,4.6051755615234375
792,0.00868,4.605570948638916,0.009999999776482582,4.605174197387695
793,0.00862,4.605573811187744,0.009999999776482582,4.605174743652344
794,0.00914,4.605564597167969,0.009999999776482582,4.605174587249756
795,0.00836,4.605571959228516,0.009999999776482582,4.605174683380127
796,0.00878,4.6055656187438965,0.009999999776482582,4.6051743179321285
797,0.0085,4.605568087310791,0.009999999776482582,4.605174879455566
798,0.00844,4.6055778889465335,0.009999999776482582,4.605174960327148
799,0.00848,4.605557752532959,0.009999999776482582,4.605173645019531
800,0.00844,4.605562546081543,0.009999999776482582,4.605174535369873
801,0.0084,4.605556781311035,0.009999999776482582,4.60517497177124
802,0.0086,4.6055643138122555,0.009999999776482582,4.6051742980957036
803,0.00896,4.60556198638916,0.009999999776482582,4.605173765563965
804,0.00878,4.605556809234619,0.009999999776482582,4.605173612976074
805,0.00896,4.605572198181152,0.009999999776482582,4.605173513793945
806,0.00876,4.605556518707275,0.009999999776482582,4.605173648071289
807,0.0085,4.605547635192871,0.009999999776482582,nan
808,0.00854,4.605560016937256,0.009999999776482582,4.605175205993652
809,0.009,4.605554787750244,0.009999999776482582,4.6051740615844725
810,0.00806,4.605575556640625,0.009999999776482582,4.60517449798584
811,0.00852,4.605582068176269,0.009999999776482582,4.605175748443603
812,0.00872,4.605562978363037,0.009999999776482582,4.6051740600585935
813,0.0092,4.605562879486084,0.009999999776482582,4.605173992156982
814,0.00864,4.605574210205078,0.009999999776482582,nan
815,0.00904,4.605563812255859,0.009999999776482582,4.605173876190186
816,0.0086,4.6055669221496585,0.009999999776482582,4.605174575042724
817,0.00882,4.60557060180664,0.009999999776482582,4.605174418640137
818,0.00906,4.605559077148437,0.009999999776482582,4.605174444580078
819,0.00938,4.605563416442871,0.009999999776482582,4.605174514770508
820,0.00848,4.605567340393066,0.009999999776482582,4.605174290466309
821,0.00798,4.605564027862549,0.009999999776482582,4.605174727630615
822,0.00906,4.605568965148926,0.009999999776482582,4.605173664855957
823,0.0082,4.6055671969604495,0.009999999776482582,4.605173722839355
824,0.00908,4.605562545166015,0.009999999776482582,4.605174574279785
825,0.0088,4.605553312988281,0.009999999776482582,4.605173574066162
826,0.0094,4.605564093780518,0.009999999776482582,4.605174877929688
827,0.00894,4.605552744598389,0.009999999776482582,4.605174629974365
828,0.00934,4.605567428131104,0.009999999776482582,4.605174109649658
829,0.00782,4.605563399047852,0.009999999776482582,4.605174168395996
830,0.00886,4.605570605010986,0.009999999776482582,4.6051737449646
831,0.00834,4.605557772674561,0.009999999776482582,4.605173629760742
832,0.00922,4.605570614776611,0.009999999776482582,4.605173832702636
833,0.00904,4.605563402404785,0.009999999776482582,4.605174949645996
834,0.00852,4.605569605407715,0.009999999776482582,4.605174639892578
835,0.00882,4.605572742004394,0.009999999776482582,4.605173960876465
836,0.00812,4.605561335601807,0.009999999776482582,4.60517378692627
837,0.00862,4.605570947265625,0.009999999776482582,4.605174301910401
838,0.00896,4.60554519317627,0.009999999776482582,4.605174032592774
839,0.00842,4.605564971618652,0.009999999776482582,4.605174006652832
840,0.00872,4.605565971984864,0.009999999776482582,4.605174017333985
841,0.0082,4.605572637023926,0.009999999776482582,4.605173880004883
842,0.00914,4.605554094543457,0.009999999776482582,4.60517396774292
843,0.00862,4.605575897064209,0.009999999776482582,4.605175347137451
844,0.0086,4.605566049041748,0.009999999776482582,4.60517407836914
845,0.00888,4.6055638854980465,0.009999999776482582,4.605175025939942
846,0.00952,4.605573160247803,0.009999999776482582,4.605175178527832
847,0.00862,4.60557739364624,0.009999999776482582,4.605174359130859
848,0.00836,4.605574345092774,0.009999999776482582,4.605173872375488
849,0.0084,4.6055674203491215,0.009999999776482582,4.6051744392395015
850,0.00888,4.60557505279541,0.009999999776482582,4.605174338531494
851,0.00876,4.605564904785156,0.009999999776482582,4.605174836730957
852,0.00884,4.605551206512451,0.009999999776482582,4.60517575378418
853,0.00878,4.605565738677979,0.009999999776482582,4.605174491882324
854,0.00886,4.60556339263916,0.009999999776482582,4.60517526473999
855,0.00852,4.6055642930603025,0.009999999776482582,4.605175221252441
856,0.0091,4.605572811584473,0.009999999776482582,4.6051749389648435
857,0.00874,4.605549366455078,0.009999999776482582,4.605173957824707
858,0.0086,4.605565745544434,0.009999999776482582,4.605174838256836
859,0.00836,4.605560066986084,0.009999999776482582,4.605174711608886
860,0.00906,4.605579657897949,0.009999999776482582,4.60517479095459
861,0.00886,4.605563294525147,0.009999999776482582,4.605175308227539
862,0.00836,4.605565456695556,0.009999999776482582,4.605174703216552
863,0.00846,4.605559836730957,0.009999999776482582,4.605174878692627
864,0.00818,4.605566015930176,0.009999999776482582,4.605174643707276
865,0.00862,4.605566366271972,0.009999999776482582,4.60517562713623
866,0.00906,4.605571110687256,0.009999999776482582,4.605176055908204
867,0.00942,4.605555899963379,0.009999999776482582,4.605174026489258
868,0.00902,4.605566644744873,0.009999999776482582,4.605174895477295
869,0.00838,4.605579385223389,0.009999999776482582,4.605174355316162
870,0.0092,4.6055618321228025,0.009999999776482582,4.605175309753418
871,0.00882,4.6055573593139645,0.009999999776482582,4.6051741836547855
872,0.00888,4.605559865875244,0.009999999776482582,4.605174907684326
873,0.00834,4.6055577331542965,0.009999999776482582,4.605174613189697
874,0.00826,4.605557490081787,0.009999999776482582,4.605174259948731
875,0.0089,4.6055647398376465,0.009999999776482582,4.60517428894043
876,0.00846,4.6055613209533695,0.009999999776482582,4.605172412109375
877,0.0084,4.605570587005615,0.009999999776482582,4.6051734420776365
878,0.0078,4.605576855010987,0.009999999776482582,4.605173594665527
879,0.00894,4.605566177062988,0.009999999776482582,4.605173527526856
880,0.00814,4.605578332214355,0.009999999776482582,4.605173540496827
881,0.00902,4.605552256164551,0.009999999776482582,4.605173133850098
882,0.00814,4.605554126892089,0.009999999776482582,4.605173299407959
883,0.00912,4.605567700042725,0.009999999776482582,4.605174264526367
884,0.00886,4.605577948150635,0.009999999776482582,4.605174501800537
885,0.00848,4.605562321624756,0.009999999776482582,4.605174238586426
886,0.00864,4.605562613830567,0.009999999776482582,4.605174348449707
887,0.00866,4.605576614837647,0.009999999776482582,4.6051743209838865
888,0.0089,4.605567249450684,0.009999999776482582,4.605173350524902
889,0.0092,4.605572073059082,0.009999999776482582,4.605174244689941
890,0.00854,4.605548031921387,0.009999999776482582,4.605173907470703
891,0.00902,4.605563448181153,0.009999999776482582,4.6051740631103515
892,0.00908,4.605576517028808,0.009999999776482582,4.605173890686035
893,0.00918,4.605562134094238,0.009999999776482582,4.6051740562438965
894,0.0092,4.605568837127685,0.009999999776482582,4.605175186920166
895,0.00872,4.6055740769958495,0.009999999776482582,4.605174224090576
896,0.00946,4.605565941467285,0.009999999776482582,4.605174730682373
897,0.00856,4.6055586596679685,0.009999999776482582,4.605174255371094
898,0.00868,4.605575103912353,0.009999999776482582,4.605175030517578
899,0.00806,4.605543138122559,0.009999999776482582,4.605174584197998
900,0.00826,4.605576966705322,0.009999999776482582,4.605174255371094
901,0.0087,4.605563834533691,0.009999999776482582,4.605173875427246
902,0.00864,4.605551007080078,0.009999999776482582,4.605174411773682
903,0.00874,4.605566762542725,0.009999999776482582,4.605174619293213
904,0.00908,4.605565385284423,0.009999999776482582,nan
905,0.00884,4.6055757421875,0.009999999776482582,4.605173095703125
906,0.00854,4.60558426361084,0.009999999776482582,4.6051751953125
907,0.0089,4.605569297332764,0.009999999776482582,4.6051744400024415
908,0.00868,4.605569680480957,0.009999999776482582,4.605174318695068
909,0.00868,4.605559526672363,0.009999999776482582,4.605174753570557
910,0.00856,4.605562141113281,0.009999999776482582,4.605174363708496
911,0.008,4.605562983093262,0.009999999776482582,4.605174277496338
912,0.00942,4.605567444000244,0.009999999776482582,4.605173583984375
913,0.0084,4.605572776184082,0.009999999776482582,4.605175009155273
914,0.00894,4.605566459350586,0.009999999776482582,4.605174200439453
915,0.00818,4.605572358551026,0.009999999776482582,4.605174526977539
916,0.00836,4.605573200988769,0.009999999776482582,4.605174086761474
917,0.00842,4.6055574246215825,0.009999999776482582,4.605174378967285
918,0.0088,4.605560264892578,0.009999999776482582,4.6051734375
919,0.00876,4.6055761572265626,0.009999999776482582,4.605173553466797
920,0.00868,4.605554621887207,0.009999999776482582,4.60517303390503
921,0.0088,4.605572445983887,0.009999999776482582,4.605174702453613
922,0.00868,4.605564398193359,0.009999999776482582,4.605175050354004
923,0.0085,4.605564655303955,0.009999999776482582,4.60517433013916
924,0.00842,4.605553668212891,0.009999999776482582,4.6051741859436035
925,0.0077,4.605586225738525,0.009999999776482582,4.605174229431152
926,0.00898,4.605569858703613,0.009999999776482582,4.60517314529419
927,0.00876,4.605567439880371,0.009999999776482582,4.605173669433594
928,0.00856,4.605564327392578,0.009999999776482582,4.605174605560303
929,0.00844,4.60556207107544,0.009999999776482582,4.605174208068847
930,0.00908,4.60556281463623,0.009999999776482582,4.605174865722656
931,0.00858,4.6055620693969725,0.009999999776482582,4.605174629211426
932,0.00894,4.605573815307618,0.009999999776482582,4.605174885559082
933,0.00884,4.60556362121582,0.009999999776482582,4.605174996185303
934,0.00842,4.60556434677124,0.009999999776482582,4.60517498626709
935,0.00862,4.605572734985351,0.009999999776482582,4.605173664855957
936,0.00878,4.605572615203857,0.009999999776482582,4.605174101257324
937,0.00882,4.605568522796631,0.009999999776482582,4.605173737335205
938,0.00844,4.6055656172180175,0.009999999776482582,4.605174256896973
939,0.00864,4.605568480529785,0.009999999776482582,4.605174494934082
940,0.00886,4.6055638087463375,0.009999999776482582,4.60517341003418
941,0.00896,4.605563515625,0.009999999776482582,4.605173229980469
942,0.00872,4.605555129089355,0.009999999776482582,4.60517463684082
943,0.00872,4.605559404907226,0.009999999776482582,4.605173419952393
944,0.00902,4.605568894500732,0.009999999776482582,4.605175053405762
945,0.0078,4.605567242736816,0.009999999776482582,4.605175132751465
946,0.0083,4.605564824523926,0.009999999776482582,4.605173354339599
947,0.00856,4.605563547363281,0.009999999776482582,4.60517462310791
948,0.0085,4.605570029602051,0.009999999776482582,4.60517440032959
949,0.00872,4.60556124710083,0.009999999776482582,4.605174002075195
950,0.00896,4.605551701965332,0.009999999776482582,4.605174600219726
951,0.00874,4.605572083435058,0.009999999776482582,4.605174632263184
952,0.0087,4.605560533294677,0.009999999776482582,4.605174278259278
953,0.00856,4.605566706085205,0.009999999776482582,4.605173698425293
954,0.00884,4.60557197845459,0.009999999776482582,4.605175343322754
955,0.00842,4.605556888427734,0.009999999776482582,4.605174961853027
956,0.00842,4.605555593414307,0.009999999776482582,4.605173241424561
957,0.00866,4.605577656402588,0.009999999776482582,4.605174641418457
958,0.00896,4.605563446350097,0.009999999776482582,4.6051749389648435
959,0.009,4.605572610626221,0.009999999776482582,4.605175273132324
960,0.00908,4.605572692565918,0.009999999776482582,4.6051748153686525
961,0.00914,4.605571708679199,0.009999999776482582,4.6051738082885745
962,0.0088,4.605562837219238,0.009999999776482582,4.605173761749268
963,0.00872,4.60555091430664,0.009999999776482582,4.605173736572266
964,0.00918,4.605556049652099,0.009999999776482582,4.605174506378174
965,0.00858,4.605577305908203,0.009999999776482582,4.605174711608886
966,0.00932,4.6055553727722165,0.009999999776482582,4.6051750701904295
967,0.00828,4.605577441101074,0.009999999776482582,4.605176341247558
968,0.0081,4.605578270111084,0.009999999776482582,4.605175143432617
969,0.00868,4.605552043151856,0.009999999776482582,4.605174681091309
970,0.00862,4.605575554199219,0.009999999776482582,4.605174726867676
971,0.0087,4.605571197357178,0.009999999776482582,4.60517451248169
972,0.00886,4.605552913970947,0.009999999776482582,4.605173751068115
973,0.00864,4.605564388122558,0.009999999776482582,4.605174287414551
974,0.00886,4.605563780670166,0.009999999776482582,4.605174448394775
975,0.00836,4.605554807281494,0.009999999776482582,4.6051743110656735
976,0.00808,4.605557597808838,0.009999999776482582,4.605174390411377
977,0.00898,4.6055642527771,0.009999999776482582,4.605174259185791
978,0.0086,4.6055693869018555,0.009999999776482582,4.605174108886719
979,0.00862,4.605558759918213,0.009999999776482582,4.605174620819092
980,0.00856,4.605567585754395,0.009999999776482582,4.605174904632569
981,0.0084,4.605562402648926,0.009999999776482582,4.605174990081787
982,0.00892,4.605557738952637,0.009999999776482582,4.605173880004883
983,0.0086,4.605568719787597,0.009999999776482582,4.6051738143920895
984,0.0081,4.6055744085693355,0.009999999776482582,4.605174201965332
985,0.00858,4.605558861999512,0.009999999776482582,4.605173724365234
986,0.00954,4.6055610891723635,0.009999999776482582,4.605174145507813
987,0.009,4.605565541839599,0.009999999776482582,4.6051741821289065
988,0.00832,4.6055482632446285,0.009999999776482582,4.6051736930847165
989,0.009,4.60556012802124,0.009999999776482582,4.60517347869873
990,0.0091,4.605563713684082,0.009999999776482582,4.605174016571045
991,0.00872,4.605568226165771,0.009999999776482582,4.605173985290527
992,0.00832,4.605548226623535,0.009999999776482582,4.6051736770629885
993,0.00952,4.605557427062989,0.009999999776482582,4.605174089050293
994,0.0086,4.605576491394043,0.009999999776482582,4.6051736831665036
995,0.0081,4.605560978698731,0.009999999776482582,4.605173400878906
996,0.00846,4.605566793365479,0.009999999776482582,4.6051736755371095
997,0.00916,4.605553280639649,0.009999999776482582,4.605173612213135
998,0.00794,4.605573250579834,0.009999999776482582,4.605174534606934
999,0.00916,4.605560003662109,0.009999999776482582,4.605175144958496
